SF:lib/models/account.dart
DA:14,1
DA:22,2
DA:26,1
DA:27,1
DA:28,1
DA:29,1
DA:30,1
DA:31,1
DA:32,3
DA:33,1
DA:34,1
DA:38,1
DA:39,1
DA:40,1
DA:41,1
DA:42,1
DA:44,5
DA:45,1
DA:50,1
DA:51,2
DA:52,3
DA:56,1
DA:57,3
DA:61,1
DA:62,1
DA:63,2
DA:64,4
DA:65,4
DA:66,1
DA:69,1
DA:70,1
DA:71,2
DA:74,0
DA:76,0
DA:77,0
DA:78,0
DA:79,0
DA:85,0
DA:87,0
DA:88,0
DA:89,0
DA:90,0
DA:91,0
LF:43
LH:32
end_of_record
SF:lib/models/transaction.dart
DA:14,2
DA:23,2
DA:24,2
DA:25,2
DA:26,2
DA:27,2
DA:28,4
DA:29,2
DA:30,2
DA:34,2
DA:35,2
DA:36,2
DA:37,2
DA:38,2
DA:39,4
DA:40,2
DA:41,2
DA:45,1
DA:46,1
DA:47,2
LF:20
LH:20
end_of_record
SF:lib/models/planning.dart
DA:7,1
DA:13,2
DA:18,1
DA:19,1
DA:20,1
DA:21,1
DA:22,1
DA:23,3
DA:24,1
DA:29,1
DA:30,1
DA:31,1
DA:32,1
DA:34,3
DA:39,1
DA:40,3
DA:41,2
DA:49,1
DA:50,2
DA:54,1
DA:56,5
DA:57,1
DA:61,1
DA:62,1
DA:72,1
DA:80,1
DA:81,1
DA:82,1
DA:83,1
DA:84,1
DA:85,1
DA:90,2
DA:91,1
DA:92,1
DA:93,1
DA:94,1
DA:98,1
DA:99,1
LF:38
LH:38
end_of_record
