SF:lib/models/account.dart
DA:14,3
DA:22,2
DA:26,1
DA:27,1
DA:28,1
DA:29,1
DA:30,1
DA:31,1
DA:32,3
DA:33,1
DA:34,1
DA:38,2
DA:39,2
DA:40,2
DA:41,2
DA:42,2
DA:44,10
DA:45,2
DA:50,3
DA:51,6
DA:52,9
DA:56,3
DA:57,9
DA:61,3
DA:62,3
DA:63,6
DA:64,12
DA:65,12
DA:66,3
DA:69,1
DA:70,1
DA:71,2
DA:74,0
DA:76,0
DA:77,0
DA:78,0
DA:79,0
DA:85,0
DA:87,0
DA:88,0
DA:89,0
DA:90,0
DA:91,0
LF:43
LH:32
end_of_record
SF:lib/controllers/app_controller.dart
DA:16,3
DA:19,1
DA:22,1
DA:23,1
DA:27,1
DA:28,1
DA:32,1
DA:33,1
DA:34,1
DA:37,1
DA:38,2
DA:40,0
DA:41,0
DA:48,0
DA:53,0
DA:58,1
DA:59,1
DA:60,3
DA:61,1
DA:65,1
DA:66,1
DA:67,1
DA:68,2
DA:73,1
DA:74,1
DA:76,1
DA:80,1
DA:81,2
DA:85,1
DA:86,3
DA:88,3
DA:93,1
DA:94,3
DA:96,1
DA:97,2
DA:98,2
DA:107,1
DA:108,1
DA:109,2
DA:113,1
DA:114,1
DA:115,2
DA:119,1
DA:120,1
DA:121,2
DA:124,2
DA:125,1
DA:129,1
DA:131,4
DA:132,2
DA:135,2
DA:136,1
DA:140,1
DA:141,2
DA:142,1
DA:146,0
DA:147,0
DA:148,0
DA:151,0
DA:153,0
DA:154,0
DA:158,1
DA:159,1
DA:160,2
DA:162,0
DA:167,1
DA:168,1
DA:169,2
DA:170,2
DA:171,8
DA:172,1
DA:174,0
DA:180,1
DA:181,1
DA:182,2
DA:184,0
DA:189,1
DA:190,1
DA:191,2
DA:192,4
DA:193,2
DA:194,1
DA:196,0
DA:201,0
DA:202,0
DA:203,0
DA:204,0
DA:205,0
DA:206,0
DA:208,0
DA:213,1
DA:214,1
DA:215,2
DA:216,4
DA:217,2
DA:218,1
DA:220,0
DA:225,0
DA:226,0
DA:227,0
DA:229,0
DA:234,1
DA:235,1
DA:236,2
DA:238,0
DA:242,0
DA:243,0
DA:244,0
DA:246,0
DA:250,0
DA:251,0
DA:252,0
DA:254,0
DA:258,0
DA:259,0
DA:260,0
DA:261,0
DA:267,0
DA:268,0
DA:269,0
LF:120
LH:78
end_of_record
SF:lib/models/user.dart
DA:17,2
DA:26,4
DA:29,4
DA:32,4
DA:34,4
DA:39,2
DA:40,2
DA:41,2
DA:42,2
DA:43,2
DA:44,2
DA:45,4
DA:46,0
DA:47,2
DA:48,2
DA:49,2
DA:50,2
DA:51,2
DA:52,2
DA:53,2
DA:58,4
DA:59,2
DA:60,2
DA:61,2
DA:62,2
DA:63,8
DA:64,8
DA:65,8
DA:69,2
DA:70,4
DA:71,2
DA:72,4
DA:77,4
DA:81,2
DA:82,2
DA:83,6
DA:87,2
DA:89,4
DA:90,2
DA:94,2
DA:95,6
DA:96,2
DA:97,6
DA:101,0
DA:102,0
DA:103,0
DA:104,0
DA:108,0
DA:110,0
DA:111,0
DA:112,0
DA:113,0
DA:115,0
DA:120,2
DA:122,3
DA:123,4
DA:124,4
DA:125,2
DA:132,2
DA:134,2
DA:135,6
DA:139,2
DA:142,2
DA:143,6
DA:144,2
DA:148,0
DA:149,0
DA:150,0
DA:151,0
DA:152,0
DA:153,0
DA:154,0
DA:155,0
DA:156,0
DA:157,0
DA:158,0
DA:159,0
DA:160,0
DA:163,2
DA:164,2
DA:165,4
DA:166,4
DA:172,0
DA:174,0
DA:175,0
DA:181,0
DA:183,0
DA:184,0
DA:194,0
DA:195,0
DA:196,0
DA:197,0
DA:198,0
DA:199,0
DA:212,0
DA:213,0
DA:214,0
DA:215,0
DA:216,0
DA:217,0
DA:218,0
DA:219,0
DA:220,0
DA:221,0
DA:222,0
DA:223,0
DA:224,0
DA:225,0
DA:226,0
DA:227,0
DA:228,0
DA:229,0
DA:230,0
DA:231,0
DA:232,0
DA:233,0
DA:234,0
DA:235,0
DA:236,0
DA:237,0
DA:238,0
DA:239,0
DA:240,0
DA:241,0
DA:244,0
DA:245,0
DA:246,0
DA:249,0
DA:250,0
DA:252,0
DA:253,0
DA:254,0
DA:255,0
DA:257,0
DA:258,0
DA:259,0
DA:260,0
DA:262,0
DA:263,0
DA:264,0
DA:265,0
DA:267,0
DA:268,0
DA:269,0
DA:273,0
DA:274,0
DA:275,0
DA:279,0
DA:282,0
DA:283,0
DA:289,0
DA:290,0
DA:294,0
DA:295,0
DA:296,0
DA:297,0
DA:298,0
LF:157
LH:58
end_of_record
SF:lib/models/transaction.dart
DA:14,4
DA:23,2
DA:24,2
DA:25,2
DA:26,2
DA:27,2
DA:28,4
DA:29,2
DA:30,2
DA:34,3
DA:35,3
DA:36,3
DA:37,3
DA:38,3
DA:39,6
DA:40,3
DA:41,3
DA:45,1
DA:46,1
DA:47,2
LF:20
LH:20
end_of_record
SF:lib/models/planning.dart
DA:7,3
DA:13,2
DA:18,1
DA:19,1
DA:20,1
DA:21,1
DA:22,1
DA:23,3
DA:24,1
DA:29,2
DA:30,2
DA:31,2
DA:32,2
DA:34,6
DA:39,1
DA:40,3
DA:41,2
DA:49,1
DA:50,2
DA:54,1
DA:56,5
DA:57,1
DA:60,1
DA:63,5
DA:64,1
DA:68,1
DA:69,1
DA:79,1
DA:87,1
DA:88,1
DA:89,1
DA:90,1
DA:91,1
DA:92,1
DA:97,2
DA:98,1
DA:99,1
DA:100,1
DA:101,1
DA:105,1
DA:106,1
DA:109,1
DA:110,1
DA:111,1
DA:112,2
LF:45
LH:45
end_of_record
